c:\users\smamk\documents\github\sdi-project\sdi-master\sdi-master\debug\vc142.pdb
c:\users\smamk\documents\github\sdi-project\sdi-master\sdi-master\debug\.netframework,version=v4.7.1.assemblyattributes.obj
c:\users\smamk\documents\github\sdi-project\sdi-master\sdi-master\debug\.netframework,version=v4.7.1.assemblyattributes.asm
c:\users\smamk\documents\github\sdi-project\sdi-master\sdi-master\debug\mainwindow.obj
c:\users\smamk\documents\github\sdi-project\sdi-master\debug\sdi-master.exe
c:\users\smamk\documents\github\sdi-project\sdi-master\debug\sdi-master.pdb
c:\users\smamk\documents\github\sdi-project\sdi-master\sdi-master\debug\sdimaster.mainwindow.resources
c:\users\sandr\documents\uni\year 2\software design & implementation\sdi-project\sdi-master\sdi-master\debug\sdi-master.vcxproj.generateresource.cache
c:\users\sandr\documents\uni\year 2\software design & implementation\sdi-project\sdi-master\sdi-master\debug\sdi-master.vcxprojassemblyreference.cache
c:\users\sandr\documents\uni\year 2\software design & implementation\sdi-project\sdi-master\sdi-master\debug\.netframework,version=v4.7.1.assemblyattributes.obj
c:\users\sandr\documents\uni\year 2\software design & implementation\sdi-project\sdi-master\sdi-master\debug\mainwindow.obj
c:\users\sandr\documents\uni\year 2\software design & implementation\sdi-project\sdi-master\sdi-master\debug\sdimaster.mainwindow.resources
c:\users\sandr\documents\uni\year 2\software design & implementation\sdi-project\sdi-master\sdi-master\debug\vc142.pdb
c:\users\sandr\documents\uni\year 2\software design & implementation\sdi-project\sdi-master\debug\sdi-master.pdb
c:\users\sandr\documents\uni\year 2\software design & implementation\sdi-project\sdi-master\debug\sdi-master.exe
c:\users\sandr\documents\uni\year 2\software design & implementation\sdi-project\sdi-master\sdi-master\debug\sdi-master.tlog\cl.command.1.tlog
c:\users\sandr\documents\uni\year 2\software design & implementation\sdi-project\sdi-master\sdi-master\debug\sdi-master.tlog\cl.read.1.tlog
c:\users\sandr\documents\uni\year 2\software design & implementation\sdi-project\sdi-master\sdi-master\debug\sdi-master.tlog\cl.write.1.tlog
c:\users\sandr\documents\uni\year 2\software design & implementation\sdi-project\sdi-master\sdi-master\debug\sdi-master.tlog\link.10740.delete.1.tlog
c:\users\sandr\documents\uni\year 2\software design & implementation\sdi-project\sdi-master\sdi-master\debug\sdi-master.tlog\link.10904.delete.1.tlog
c:\users\sandr\documents\uni\year 2\software design & implementation\sdi-project\sdi-master\sdi-master\debug\sdi-master.tlog\link.11424.delete.1.tlog
c:\users\sandr\documents\uni\year 2\software design & implementation\sdi-project\sdi-master\sdi-master\debug\sdi-master.tlog\link.11584.delete.1.tlog
c:\users\sandr\documents\uni\year 2\software design & implementation\sdi-project\sdi-master\sdi-master\debug\sdi-master.tlog\link.12344.delete.1.tlog
c:\users\sandr\documents\uni\year 2\software design & implementation\sdi-project\sdi-master\sdi-master\debug\sdi-master.tlog\link.12492.delete.1.tlog
c:\users\sandr\documents\uni\year 2\software design & implementation\sdi-project\sdi-master\sdi-master\debug\sdi-master.tlog\link.12908.delete.1.tlog
c:\users\sandr\documents\uni\year 2\software design & implementation\sdi-project\sdi-master\sdi-master\debug\sdi-master.tlog\link.1340.delete.1.tlog
c:\users\sandr\documents\uni\year 2\software design & implementation\sdi-project\sdi-master\sdi-master\debug\sdi-master.tlog\link.13824.delete.1.tlog
c:\users\sandr\documents\uni\year 2\software design & implementation\sdi-project\sdi-master\sdi-master\debug\sdi-master.tlog\link.15504.delete.1.tlog
c:\users\sandr\documents\uni\year 2\software design & implementation\sdi-project\sdi-master\sdi-master\debug\sdi-master.tlog\link.15844.delete.1.tlog
c:\users\sandr\documents\uni\year 2\software design & implementation\sdi-project\sdi-master\sdi-master\debug\sdi-master.tlog\link.16696.delete.1.tlog
c:\users\sandr\documents\uni\year 2\software design & implementation\sdi-project\sdi-master\sdi-master\debug\sdi-master.tlog\link.16784.delete.1.tlog
c:\users\sandr\documents\uni\year 2\software design & implementation\sdi-project\sdi-master\sdi-master\debug\sdi-master.tlog\link.16944.delete.1.tlog
c:\users\sandr\documents\uni\year 2\software design & implementation\sdi-project\sdi-master\sdi-master\debug\sdi-master.tlog\link.17004.delete.1.tlog
c:\users\sandr\documents\uni\year 2\software design & implementation\sdi-project\sdi-master\sdi-master\debug\sdi-master.tlog\link.17232.delete.1.tlog
c:\users\sandr\documents\uni\year 2\software design & implementation\sdi-project\sdi-master\sdi-master\debug\sdi-master.tlog\link.17316.delete.1.tlog
c:\users\sandr\documents\uni\year 2\software design & implementation\sdi-project\sdi-master\sdi-master\debug\sdi-master.tlog\link.18068.delete.1.tlog
c:\users\sandr\documents\uni\year 2\software design & implementation\sdi-project\sdi-master\sdi-master\debug\sdi-master.tlog\link.19128.delete.1.tlog
c:\users\sandr\documents\uni\year 2\software design & implementation\sdi-project\sdi-master\sdi-master\debug\sdi-master.tlog\link.19760.delete.1.tlog
c:\users\sandr\documents\uni\year 2\software design & implementation\sdi-project\sdi-master\sdi-master\debug\sdi-master.tlog\link.20172.delete.1.tlog
c:\users\sandr\documents\uni\year 2\software design & implementation\sdi-project\sdi-master\sdi-master\debug\sdi-master.tlog\link.5280.delete.1.tlog
c:\users\sandr\documents\uni\year 2\software design & implementation\sdi-project\sdi-master\sdi-master\debug\sdi-master.tlog\link.7456.delete.1.tlog
c:\users\sandr\documents\uni\year 2\software design & implementation\sdi-project\sdi-master\sdi-master\debug\sdi-master.tlog\link.7880.delete.1.tlog
c:\users\sandr\documents\uni\year 2\software design & implementation\sdi-project\sdi-master\sdi-master\debug\sdi-master.tlog\link.8384.delete.1.tlog
c:\users\sandr\documents\uni\year 2\software design & implementation\sdi-project\sdi-master\sdi-master\debug\sdi-master.tlog\link.9224.delete.1.tlog
c:\users\sandr\documents\uni\year 2\software design & implementation\sdi-project\sdi-master\sdi-master\debug\sdi-master.tlog\link.command.1.tlog
c:\users\sandr\documents\uni\year 2\software design & implementation\sdi-project\sdi-master\sdi-master\debug\sdi-master.tlog\link.read.1.tlog
c:\users\sandr\documents\uni\year 2\software design & implementation\sdi-project\sdi-master\sdi-master\debug\sdi-master.tlog\link.write.1.tlog
c:\users\sandr\documents\uni\year 2\software design & implementation\sdi-project\sdi-master\sdi-master\debug\sdi-master.tlog\metagen.read.1.tlog
c:\users\sandr\documents\uni\year 2\software design & implementation\sdi-project\sdi-master\sdi-master\debug\sdi-master.tlog\metagen.write.1.tlog
c:\users\sandr\documents\uni\year 2\software design & implementation\sdi-project\sdi-master\sdi-master\debug\sdi-master.tlog\sdi-master.write.1u.tlog
